Using pre-set license
Built from '2020.3/release' branch; Version is '2020.3.1f1 (77a89f25062f) revision 7841951'; Using compiler version '192528614'; Build Type 'Release'
OS: 'Windows 10 Pro; OS build 19042.867; Version 2009; 64bit' Language: 'en' Physical Memory: 16198 MB
BatchMode: 1, IsHumanControllingUs: 0, StartBugReporterOnCrash: 0, Is64bit: 1, IsPro: 0

 COMMAND LINE ARGUMENTS:
E:\UNI\3rd_Year\Sem2\3A04\2020.3.1f1\Editor\Unity.exe
-adb2
-batchMode
-noUpm
-name
AssetImportWorker0
-projectPath
E:/UNI/3rd_Year/Sem2/3A04/TestOverdrive
-logFile
Logs/AssetImportWorker0.log
-srvPort
60548
Successfully changed project path to: E:/UNI/3rd_Year/Sem2/3A04/TestOverdrive
E:/UNI/3rd_Year/Sem2/3A04/TestOverdrive
Using Asset Import Pipeline V2.
Refreshing native plugins compatible for Editor in 32.74 ms, found 0 plugins.
Preloading 0 native plugins for Editor in 0.00 ms.
Initialize engine version: 2020.3.1f1 (77a89f25062f)
[Subsystems] Discovering subsystems at path E:/UNI/3rd_Year/Sem2/3A04/2020.3.1f1/Editor/Data/Resources/UnitySubsystems
[Subsystems] Discovering subsystems at path E:/UNI/3rd_Year/Sem2/3A04/TestOverdrive/Assets
GfxDevice: creating device client; threaded=0
Direct3D:
    Version:  Direct3D 11.0 [level 11.1]
    Renderer: NVIDIA GeForce MX250 (ID=0x1d52)
    Vendor:   
    VRAM:     1983 MB
    Driver:   27.21.14.6192
Initialize mono
Mono path[0] = 'E:/UNI/3rd_Year/Sem2/3A04/2020.3.1f1/Editor/Data/Managed'
Mono path[1] = 'E:/UNI/3rd_Year/Sem2/3A04/2020.3.1f1/Editor/Data/MonoBleedingEdge/lib/mono/unityjit'
Mono config path = 'E:/UNI/3rd_Year/Sem2/3A04/2020.3.1f1/Editor/Data/MonoBleedingEdge/etc'
Using monoOptions --debugger-agent=transport=dt_socket,embedding=1,server=y,suspend=n,address=127.0.0.1:56928
Begin MonoManager ReloadAssembly
Registering precompiled unity dll's ...
Register platform support module: E:/UNI/3rd_Year/Sem2/3A04/2020.3.1f1/Editor/Data/PlaybackEngines/WindowsStandaloneSupport/UnityEditor.WindowsStandalone.Extensions.dll
Registered in 0.001316 seconds.
Native extension for WindowsStandalone target not found
Refreshing native plugins compatible for Editor in 33.59 ms, found 0 plugins.
Preloading 0 native plugins for Editor in 0.00 ms.
Invoked RoslynAnalysisRunner static constructor.
RoslynAnalysisRunner will not be running.
RoslynAnalysisRunner has terminated.
Mono: successfully reloaded assembly
- Completed reload, in  1.255 seconds
Platform modules already initialized, skipping
Registering precompiled user dll's ...
Registered in 0.000792 seconds.
Begin MonoManager ReloadAssembly
Native extension for WindowsStandalone target not found
Refreshing native plugins compatible for Editor in 0.45 ms, found 0 plugins.
Preloading 0 native plugins for Editor in 0.00 ms.
Invoked RoslynAnalysisRunner static constructor.
RoslynAnalysisRunner will not be running.
RoslynAnalysisRunner has terminated.
Mono: successfully reloaded assembly
- Completed reload, in  1.155 seconds
Platform modules already initialized, skipping
========================================================================
Worker process is ready to serve import requests
Launched and connected shader compiler UnityShaderCompiler.exe after 0.09 seconds
Refreshing native plugins compatible for Editor in 0.24 ms, found 0 plugins.
Preloading 0 native plugins for Editor in 0.00 ms.
Unloading 1116 Unused Serialized files (Serialized files now loaded: 0)
System memory in use before: 57.0 MB.
System memory in use after: 57.1 MB.

Unloading 10 unused Assets to reduce memory usage. Loaded Objects now: 1559.
Total: 1.916000 ms (FindLiveObjects: 0.178800 ms CreateObjectMapping: 0.096700 ms MarkObjects: 1.555000 ms  DeleteObjects: 0.084500 ms)

========================================================================
Received Import Request.
  path: Assets/Scripts/TileManager.cs
  artifactKey: Guid(fbf46d79bcaa86e4085a5843a6da32a0) Importer(815301076,1909f56bfc062723c751e8b465ee728b)
Start importing Assets/Scripts/TileManager.cs using Guid(fbf46d79bcaa86e4085a5843a6da32a0) Importer(815301076,1909f56bfc062723c751e8b465ee728b)  -> (artifact id: '4a61c52e71a6cb43cf2a988fee744cc9') in 0.024620 seconds
  Import took 0.027230 seconds .

========================================================================
Received Prepare
Registering precompiled user dll's ...
Registered in 0.000636 seconds.
Begin MonoManager ReloadAssembly
Native extension for WindowsStandalone target not found
Refreshing native plugins compatible for Editor in 0.20 ms, found 0 plugins.
Preloading 0 native plugins for Editor in 0.00 ms.
Invoked RoslynAnalysisRunner static constructor.
RoslynAnalysisRunner will not be running.
RoslynAnalysisRunner has terminated.
Mono: successfully reloaded assembly
- Completed reload, in  0.897 seconds
Platform modules already initialized, skipping
Refreshing native plugins compatible for Editor in 0.23 ms, found 0 plugins.
Preloading 0 native plugins for Editor in 0.00 ms.
Unloading 1111 Unused Serialized files (Serialized files now loaded: 0)
System memory in use before: 57.0 MB.
System memory in use after: 57.1 MB.

Unloading 5 unused Assets to reduce memory usage. Loaded Objects now: 1562.
Total: 2.003600 ms (FindLiveObjects: 0.422800 ms CreateObjectMapping: 0.034600 ms MarkObjects: 1.451100 ms  DeleteObjects: 0.093500 ms)

========================================================================
Received Import Request.
  Time since last request: 34.252970 seconds.
  path: Assets/Scripts/TileManager.cs
  artifactKey: Guid(fbf46d79bcaa86e4085a5843a6da32a0) Importer(815301076,1909f56bfc062723c751e8b465ee728b)
Start importing Assets/Scripts/TileManager.cs using Guid(fbf46d79bcaa86e4085a5843a6da32a0) Importer(815301076,1909f56bfc062723c751e8b465ee728b)  -> (artifact id: '5143e9cf9ed80050a5c04b157dc47c87') in 0.004921 seconds
  Import took 0.007182 seconds .

========================================================================
Received Prepare
Registering precompiled user dll's ...
Registered in 0.000729 seconds.
Begin MonoManager ReloadAssembly
Native extension for WindowsStandalone target not found
Refreshing native plugins compatible for Editor in 0.20 ms, found 0 plugins.
Preloading 0 native plugins for Editor in 0.00 ms.
Invoked RoslynAnalysisRunner static constructor.
RoslynAnalysisRunner will not be running.
RoslynAnalysisRunner has terminated.
Mono: successfully reloaded assembly
- Completed reload, in  0.844 seconds
Platform modules already initialized, skipping
Refreshing native plugins compatible for Editor in 0.22 ms, found 0 plugins.
Preloading 0 native plugins for Editor in 0.00 ms.
Unloading 1111 Unused Serialized files (Serialized files now loaded: 0)
System memory in use before: 57.0 MB.
System memory in use after: 57.1 MB.

Unloading 5 unused Assets to reduce memory usage. Loaded Objects now: 1565.
Total: 2.029400 ms (FindLiveObjects: 0.251400 ms CreateObjectMapping: 0.055900 ms MarkObjects: 1.631700 ms  DeleteObjects: 0.088000 ms)

========================================================================
Received Prepare
Registering precompiled user dll's ...
Registered in 0.000589 seconds.
Begin MonoManager ReloadAssembly
Native extension for WindowsStandalone target not found
Refreshing native plugins compatible for Editor in 0.20 ms, found 0 plugins.
Preloading 0 native plugins for Editor in 0.00 ms.
Invoked RoslynAnalysisRunner static constructor.
RoslynAnalysisRunner will not be running.
RoslynAnalysisRunner has terminated.
Mono: successfully reloaded assembly
- Completed reload, in  0.800 seconds
Platform modules already initialized, skipping
Refreshing native plugins compatible for Editor in 0.22 ms, found 0 plugins.
Preloading 0 native plugins for Editor in 0.00 ms.
Unloading 1111 Unused Serialized files (Serialized files now loaded: 0)
System memory in use before: 57.0 MB.
System memory in use after: 57.1 MB.

Unloading 5 unused Assets to reduce memory usage. Loaded Objects now: 1568.
Total: 2.056500 ms (FindLiveObjects: 0.251700 ms CreateObjectMapping: 0.085900 ms MarkObjects: 1.655100 ms  DeleteObjects: 0.061900 ms)

========================================================================
Received Prepare
Registering precompiled user dll's ...
Registered in 0.000617 seconds.
Begin MonoManager ReloadAssembly
Native extension for WindowsStandalone target not found
Refreshing native plugins compatible for Editor in 0.28 ms, found 0 plugins.
Preloading 0 native plugins for Editor in 0.00 ms.
Invoked RoslynAnalysisRunner static constructor.
RoslynAnalysisRunner will not be running.
RoslynAnalysisRunner has terminated.
Mono: successfully reloaded assembly
- Completed reload, in  0.970 seconds
Platform modules already initialized, skipping
Refreshing native plugins compatible for Editor in 0.29 ms, found 0 plugins.
Preloading 0 native plugins for Editor in 0.00 ms.
Unloading 1112 Unused Serialized files (Serialized files now loaded: 0)
System memory in use before: 57.1 MB.
System memory in use after: 57.2 MB.

Unloading 5 unused Assets to reduce memory usage. Loaded Objects now: 1572.
Total: 1.990200 ms (FindLiveObjects: 0.245000 ms CreateObjectMapping: 0.035800 ms MarkObjects: 1.594000 ms  DeleteObjects: 0.114400 ms)

========================================================================
Received Import Request.
  Time since last request: 2212.193190 seconds.
  path: Assets/Scripts/Score.cs
  artifactKey: Guid(d0f87503b2ee75743b16452627b621a7) Importer(815301076,1909f56bfc062723c751e8b465ee728b)
Start importing Assets/Scripts/Score.cs using Guid(d0f87503b2ee75743b16452627b621a7) Importer(815301076,1909f56bfc062723c751e8b465ee728b)  -> (artifact id: '0cfb41b0d4017eca4492ae6f2f538825') in 0.006719 seconds
  Import took 0.010343 seconds .

========================================================================
Received Import Request.
  Time since last request: 56.827224 seconds.
  path: Assets/Scripts/Scores.cs
  artifactKey: Guid(d0f87503b2ee75743b16452627b621a7) Importer(815301076,1909f56bfc062723c751e8b465ee728b)
Start importing Assets/Scripts/Scores.cs using Guid(d0f87503b2ee75743b16452627b621a7) Importer(815301076,1909f56bfc062723c751e8b465ee728b)  -> (artifact id: 'f2456bf97f44089dcd73078f15eead38') in 0.004785 seconds
  Import took 0.007306 seconds .

========================================================================
Received Prepare
Registering precompiled user dll's ...
Registered in 0.001096 seconds.
Begin MonoManager ReloadAssembly
Native extension for WindowsStandalone target not found
Refreshing native plugins compatible for Editor in 0.20 ms, found 0 plugins.
Preloading 0 native plugins for Editor in 0.00 ms.
Invoked RoslynAnalysisRunner static constructor.
RoslynAnalysisRunner will not be running.
RoslynAnalysisRunner has terminated.
Mono: successfully reloaded assembly
- Completed reload, in  0.776 seconds
Platform modules already initialized, skipping
Refreshing native plugins compatible for Editor in 0.27 ms, found 0 plugins.
Preloading 0 native plugins for Editor in 0.00 ms.
Unloading 1112 Unused Serialized files (Serialized files now loaded: 0)
System memory in use before: 57.1 MB.
System memory in use after: 57.2 MB.

Unloading 5 unused Assets to reduce memory usage. Loaded Objects now: 1575.
Total: 1.950200 ms (FindLiveObjects: 0.282000 ms CreateObjectMapping: 0.051800 ms MarkObjects: 1.527700 ms  DeleteObjects: 0.087400 ms)

========================================================================
Received Prepare
Registering precompiled user dll's ...
Registered in 0.000888 seconds.
Begin MonoManager ReloadAssembly
Native extension for WindowsStandalone target not found
Refreshing native plugins compatible for Editor in 0.20 ms, found 0 plugins.
Preloading 0 native plugins for Editor in 0.00 ms.
Invoked RoslynAnalysisRunner static constructor.
RoslynAnalysisRunner will not be running.
RoslynAnalysisRunner has terminated.
Mono: successfully reloaded assembly
- Completed reload, in  0.795 seconds
Platform modules already initialized, skipping
Refreshing native plugins compatible for Editor in 0.22 ms, found 0 plugins.
Preloading 0 native plugins for Editor in 0.00 ms.
Unloading 1112 Unused Serialized files (Serialized files now loaded: 0)
System memory in use before: 57.1 MB.
System memory in use after: 57.2 MB.

Unloading 5 unused Assets to reduce memory usage. Loaded Objects now: 1578.
Total: 2.395200 ms (FindLiveObjects: 0.186500 ms CreateObjectMapping: 0.062300 ms MarkObjects: 2.062400 ms  DeleteObjects: 0.081800 ms)

========================================================================
Received Import Request.
  Time since last request: 307.768022 seconds.
  path: Assets/Scripts/Score.cs
  artifactKey: Guid(bdfa7ad602cf44949852bb84054c6f9b) Importer(815301076,1909f56bfc062723c751e8b465ee728b)
Start importing Assets/Scripts/Score.cs using Guid(bdfa7ad602cf44949852bb84054c6f9b) Importer(815301076,1909f56bfc062723c751e8b465ee728b)  -> (artifact id: '666cd520861db5100011bb338d37b5ca') in 0.006599 seconds
  Import took 0.018561 seconds .

========================================================================
Received Prepare
Registering precompiled user dll's ...
Registered in 0.000736 seconds.
Begin MonoManager ReloadAssembly
Native extension for WindowsStandalone target not found
Refreshing native plugins compatible for Editor in 0.22 ms, found 0 plugins.
Preloading 0 native plugins for Editor in 0.00 ms.
Invoked RoslynAnalysisRunner static constructor.
RoslynAnalysisRunner will not be running.
RoslynAnalysisRunner has terminated.
Mono: successfully reloaded assembly
- Completed reload, in  0.854 seconds
Platform modules already initialized, skipping
Refreshing native plugins compatible for Editor in 0.25 ms, found 0 plugins.
Preloading 0 native plugins for Editor in 0.00 ms.
Unloading 1112 Unused Serialized files (Serialized files now loaded: 0)
System memory in use before: 57.1 MB.
System memory in use after: 57.2 MB.

Unloading 5 unused Assets to reduce memory usage. Loaded Objects now: 1581.
Total: 2.746000 ms (FindLiveObjects: 0.411600 ms CreateObjectMapping: 0.111200 ms MarkObjects: 2.157500 ms  DeleteObjects: 0.064500 ms)

========================================================================
Received Prepare
Registering precompiled user dll's ...
Registered in 0.000621 seconds.
Begin MonoManager ReloadAssembly
Native extension for WindowsStandalone target not found
Refreshing native plugins compatible for Editor in 0.28 ms, found 0 plugins.
Preloading 0 native plugins for Editor in 0.00 ms.
Invoked RoslynAnalysisRunner static constructor.
RoslynAnalysisRunner will not be running.
RoslynAnalysisRunner has terminated.
Mono: successfully reloaded assembly
- Completed reload, in  0.771 seconds
Platform modules already initialized, skipping
Refreshing native plugins compatible for Editor in 0.29 ms, found 0 plugins.
Preloading 0 native plugins for Editor in 0.00 ms.
Unloading 1112 Unused Serialized files (Serialized files now loaded: 0)
System memory in use before: 57.1 MB.
System memory in use after: 57.2 MB.

Unloading 5 unused Assets to reduce memory usage. Loaded Objects now: 1584.
Total: 1.961300 ms (FindLiveObjects: 0.265700 ms CreateObjectMapping: 0.065400 ms MarkObjects: 1.533100 ms  DeleteObjects: 0.095900 ms)

========================================================================
Received Import Request.
  Time since last request: 192.993381 seconds.
  path: Assets/Scripts/Score.cs
  artifactKey: Guid(0ba089c8f1410f24bab7a6722bd9a6f7) Importer(815301076,1909f56bfc062723c751e8b465ee728b)
Start importing Assets/Scripts/Score.cs using Guid(0ba089c8f1410f24bab7a6722bd9a6f7) Importer(815301076,1909f56bfc062723c751e8b465ee728b)  -> (artifact id: '8e16a6941f876e16fd1eadc4a096400a') in 0.005366 seconds
  Import took 0.016765 seconds .

========================================================================
Received Import Request.
  Time since last request: 0.001569 seconds.
  path: Assets/Scripts/Score.cs
  artifactKey: Guid(0ba089c8f1410f24bab7a6722bd9a6f7) Importer(815301076,1909f56bfc062723c751e8b465ee728b)
Start importing Assets/Scripts/Score.cs using Guid(0ba089c8f1410f24bab7a6722bd9a6f7) Importer(815301076,1909f56bfc062723c751e8b465ee728b)  -> (artifact id: '8e16a6941f876e16fd1eadc4a096400a') in 0.003794 seconds
  Import took 0.005845 seconds .

========================================================================
Received Prepare
Registering precompiled user dll's ...
Registered in 0.000961 seconds.
Begin MonoManager ReloadAssembly
Native extension for WindowsStandalone target not found
Refreshing native plugins compatible for Editor in 0.20 ms, found 0 plugins.
Preloading 0 native plugins for Editor in 0.00 ms.
Invoked RoslynAnalysisRunner static constructor.
RoslynAnalysisRunner will not be running.
RoslynAnalysisRunner has terminated.
Mono: successfully reloaded assembly
- Completed reload, in  0.783 seconds
Platform modules already initialized, skipping
Refreshing native plugins compatible for Editor in 0.23 ms, found 0 plugins.
Preloading 0 native plugins for Editor in 0.00 ms.
Unloading 1111 Unused Serialized files (Serialized files now loaded: 0)
System memory in use before: 57.1 MB.
System memory in use after: 57.2 MB.

Unloading 6 unused Assets to reduce memory usage. Loaded Objects now: 1586.
Total: 2.805000 ms (FindLiveObjects: 0.294900 ms CreateObjectMapping: 0.058700 ms MarkObjects: 2.371600 ms  DeleteObjects: 0.078600 ms)

========================================================================
Received Prepare
Registering precompiled user dll's ...
Registered in 0.000509 seconds.
Begin MonoManager ReloadAssembly
Native extension for WindowsStandalone target not found
Refreshing native plugins compatible for Editor in 0.26 ms, found 0 plugins.
Preloading 0 native plugins for Editor in 0.00 ms.
Invoked RoslynAnalysisRunner static constructor.
RoslynAnalysisRunner will not be running.
RoslynAnalysisRunner has terminated.
Mono: successfully reloaded assembly
- Completed reload, in  0.774 seconds
Platform modules already initialized, skipping
Refreshing native plugins compatible for Editor in 0.25 ms, found 0 plugins.
Preloading 0 native plugins for Editor in 0.00 ms.
Unloading 1112 Unused Serialized files (Serialized files now loaded: 0)
System memory in use before: 57.1 MB.
System memory in use after: 57.2 MB.

Unloading 5 unused Assets to reduce memory usage. Loaded Objects now: 1590.
Total: 2.312500 ms (FindLiveObjects: 0.196000 ms CreateObjectMapping: 0.042300 ms MarkObjects: 1.976700 ms  DeleteObjects: 0.096000 ms)

========================================================================
Received Prepare
Registering precompiled user dll's ...
Registered in 0.000507 seconds.
Begin MonoManager ReloadAssembly
Native extension for WindowsStandalone target not found
Refreshing native plugins compatible for Editor in 0.29 ms, found 0 plugins.
Preloading 0 native plugins for Editor in 0.00 ms.
Invoked RoslynAnalysisRunner static constructor.
RoslynAnalysisRunner will not be running.
RoslynAnalysisRunner has terminated.
Mono: successfully reloaded assembly
- Completed reload, in  0.840 seconds
Platform modules already initialized, skipping
Refreshing native plugins compatible for Editor in 0.23 ms, found 0 plugins.
Preloading 0 native plugins for Editor in 0.00 ms.
Unloading 1112 Unused Serialized files (Serialized files now loaded: 0)
System memory in use before: 57.1 MB.
System memory in use after: 57.2 MB.

Unloading 5 unused Assets to reduce memory usage. Loaded Objects now: 1593.
Total: 1.809700 ms (FindLiveObjects: 0.280200 ms CreateObjectMapping: 0.042300 ms MarkObjects: 1.406900 ms  DeleteObjects: 0.079000 ms)

========================================================================
Received Import Request.
  Time since last request: 43.700767 seconds.
  path: Assets/Scripts/Score.cs
  artifactKey: Guid(02e4a991eaf0c0d40956b7d04cda32e6) Importer(815301076,1909f56bfc062723c751e8b465ee728b)
Start importing Assets/Scripts/Score.cs using Guid(02e4a991eaf0c0d40956b7d04cda32e6) Importer(815301076,1909f56bfc062723c751e8b465ee728b)  -> (artifact id: 'cc690419afcc227b23dbdc8099b0d63e') in 0.005324 seconds
  Import took 0.016316 seconds .

========================================================================
Received Prepare
Registering precompiled user dll's ...
Registered in 0.001125 seconds.
Begin MonoManager ReloadAssembly
Native extension for WindowsStandalone target not found
Refreshing native plugins compatible for Editor in 0.22 ms, found 0 plugins.
Preloading 0 native plugins for Editor in 0.00 ms.
Invoked RoslynAnalysisRunner static constructor.
RoslynAnalysisRunner will not be running.
RoslynAnalysisRunner has terminated.
Mono: successfully reloaded assembly
- Completed reload, in  0.894 seconds
Platform modules already initialized, skipping
Refreshing native plugins compatible for Editor in 0.24 ms, found 0 plugins.
Preloading 0 native plugins for Editor in 0.00 ms.
Unloading 1112 Unused Serialized files (Serialized files now loaded: 0)
System memory in use before: 57.2 MB.
System memory in use after: 57.3 MB.

Unloading 5 unused Assets to reduce memory usage. Loaded Objects now: 1596.
Total: 2.082800 ms (FindLiveObjects: 0.218600 ms CreateObjectMapping: 0.038300 ms MarkObjects: 1.726500 ms  DeleteObjects: 0.097700 ms)

========================================================================
Received Import Request.
  Time since last request: 2452.779348 seconds.
  path: Assets/Scripts/Score.cs
  artifactKey: Guid(02e4a991eaf0c0d40956b7d04cda32e6) Importer(815301076,1909f56bfc062723c751e8b465ee728b)
Start importing Assets/Scripts/Score.cs using Guid(02e4a991eaf0c0d40956b7d04cda32e6) Importer(815301076,1909f56bfc062723c751e8b465ee728b)  -> (artifact id: 'afb98923bdcfd83fa0b56a0c3964d29c') in 0.005901 seconds
  Import took 0.017272 seconds .

========================================================================
Received Prepare
Registering precompiled user dll's ...
Registered in 0.000531 seconds.
Begin MonoManager ReloadAssembly
Native extension for WindowsStandalone target not found
Refreshing native plugins compatible for Editor in 0.23 ms, found 0 plugins.
Preloading 0 native plugins for Editor in 0.00 ms.
Invoked RoslynAnalysisRunner static constructor.
RoslynAnalysisRunner will not be running.
RoslynAnalysisRunner has terminated.
Mono: successfully reloaded assembly
- Completed reload, in  0.756 seconds
Platform modules already initialized, skipping
Refreshing native plugins compatible for Editor in 0.21 ms, found 0 plugins.
Preloading 0 native plugins for Editor in 0.00 ms.
Unloading 1112 Unused Serialized files (Serialized files now loaded: 0)
System memory in use before: 57.2 MB.
System memory in use after: 57.3 MB.

Unloading 5 unused Assets to reduce memory usage. Loaded Objects now: 1599.
Total: 2.183400 ms (FindLiveObjects: 0.146100 ms CreateObjectMapping: 0.040000 ms MarkObjects: 1.908400 ms  DeleteObjects: 0.087500 ms)

========================================================================
Received Prepare
Registering precompiled user dll's ...
Registered in 0.000840 seconds.
Begin MonoManager ReloadAssembly
Native extension for WindowsStandalone target not found
Refreshing native plugins compatible for Editor in 0.20 ms, found 0 plugins.
Preloading 0 native plugins for Editor in 0.00 ms.
Invoked RoslynAnalysisRunner static constructor.
RoslynAnalysisRunner will not be running.
RoslynAnalysisRunner has terminated.
Mono: successfully reloaded assembly
- Completed reload, in  0.834 seconds
Platform modules already initialized, skipping
Refreshing native plugins compatible for Editor in 0.35 ms, found 0 plugins.
Preloading 0 native plugins for Editor in 0.00 ms.
Unloading 1112 Unused Serialized files (Serialized files now loaded: 0)
System memory in use before: 57.2 MB.
System memory in use after: 57.3 MB.

Unloading 5 unused Assets to reduce memory usage. Loaded Objects now: 1602.
Total: 2.137500 ms (FindLiveObjects: 0.215700 ms CreateObjectMapping: 0.033400 ms MarkObjects: 1.779900 ms  DeleteObjects: 0.094600 ms)

========================================================================
Received Prepare
Registering precompiled user dll's ...
Registered in 0.000641 seconds.
Begin MonoManager ReloadAssembly
Native extension for WindowsStandalone target not found
Refreshing native plugins compatible for Editor in 0.38 ms, found 0 plugins.
Preloading 0 native plugins for Editor in 0.00 ms.
Invoked RoslynAnalysisRunner static constructor.
RoslynAnalysisRunner will not be running.
RoslynAnalysisRunner has terminated.
Mono: successfully reloaded assembly
- Completed reload, in  0.915 seconds
Platform modules already initialized, skipping
Refreshing native plugins compatible for Editor in 0.24 ms, found 0 plugins.
Preloading 0 native plugins for Editor in 0.00 ms.
Unloading 1112 Unused Serialized files (Serialized files now loaded: 0)
System memory in use before: 57.2 MB.
System memory in use after: 57.3 MB.

Unloading 5 unused Assets to reduce memory usage. Loaded Objects now: 1605.
Total: 1.993600 ms (FindLiveObjects: 0.151800 ms CreateObjectMapping: 0.027400 ms MarkObjects: 1.730700 ms  DeleteObjects: 0.082000 ms)

========================================================================
Received Prepare
Registering precompiled user dll's ...
Registered in 0.000523 seconds.
Begin MonoManager ReloadAssembly
Native extension for WindowsStandalone target not found
Refreshing native plugins compatible for Editor in 0.34 ms, found 0 plugins.
Preloading 0 native plugins for Editor in 0.00 ms.
Invoked RoslynAnalysisRunner static constructor.
RoslynAnalysisRunner will not be running.
RoslynAnalysisRunner has terminated.
Mono: successfully reloaded assembly
- Completed reload, in  0.801 seconds
Platform modules already initialized, skipping
Refreshing native plugins compatible for Editor in 0.26 ms, found 0 plugins.
Preloading 0 native plugins for Editor in 0.00 ms.
Unloading 1112 Unused Serialized files (Serialized files now loaded: 0)
System memory in use before: 57.2 MB.
System memory in use after: 57.3 MB.

Unloading 5 unused Assets to reduce memory usage. Loaded Objects now: 1608.
Total: 2.541600 ms (FindLiveObjects: 0.223400 ms CreateObjectMapping: 0.046600 ms MarkObjects: 2.190000 ms  DeleteObjects: 0.080300 ms)

========================================================================
Received Prepare
Registering precompiled user dll's ...
Registered in 0.000551 seconds.
Begin MonoManager ReloadAssembly
Native extension for WindowsStandalone target not found
Refreshing native plugins compatible for Editor in 0.51 ms, found 0 plugins.
Preloading 0 native plugins for Editor in 0.00 ms.
Invoked RoslynAnalysisRunner static constructor.
RoslynAnalysisRunner will not be running.
RoslynAnalysisRunner has terminated.
Mono: successfully reloaded assembly
- Completed reload, in  0.781 seconds
Platform modules already initialized, skipping
Refreshing native plugins compatible for Editor in 0.31 ms, found 0 plugins.
Preloading 0 native plugins for Editor in 0.00 ms.
Unloading 1112 Unused Serialized files (Serialized files now loaded: 0)
System memory in use before: 57.2 MB.
System memory in use after: 57.3 MB.

Unloading 5 unused Assets to reduce memory usage. Loaded Objects now: 1611.
Total: 2.221000 ms (FindLiveObjects: 0.242400 ms CreateObjectMapping: 0.074300 ms MarkObjects: 1.828200 ms  DeleteObjects: 0.074300 ms)

========================================================================
Received Prepare
Registering precompiled user dll's ...
Registered in 0.000807 seconds.
Begin MonoManager ReloadAssembly
Native extension for WindowsStandalone target not found
Refreshing native plugins compatible for Editor in 0.23 ms, found 0 plugins.
Preloading 0 native plugins for Editor in 0.00 ms.
Invoked RoslynAnalysisRunner static constructor.
RoslynAnalysisRunner will not be running.
RoslynAnalysisRunner has terminated.
Mono: successfully reloaded assembly
- Completed reload, in  0.823 seconds
Platform modules already initialized, skipping
Refreshing native plugins compatible for Editor in 0.24 ms, found 0 plugins.
Preloading 0 native plugins for Editor in 0.00 ms.
Unloading 1112 Unused Serialized files (Serialized files now loaded: 0)
System memory in use before: 57.2 MB.
System memory in use after: 57.3 MB.

Unloading 5 unused Assets to reduce memory usage. Loaded Objects now: 1614.
Total: 2.001600 ms (FindLiveObjects: 0.290900 ms CreateObjectMapping: 0.095100 ms MarkObjects: 1.554300 ms  DeleteObjects: 0.059900 ms)

========================================================================
Received Prepare
Registering precompiled user dll's ...
Registered in 0.000981 seconds.
Begin MonoManager ReloadAssembly
Native extension for WindowsStandalone target not found
Refreshing native plugins compatible for Editor in 0.33 ms, found 0 plugins.
Preloading 0 native plugins for Editor in 0.00 ms.
Invoked RoslynAnalysisRunner static constructor.
RoslynAnalysisRunner will not be running.
RoslynAnalysisRunner has terminated.
Mono: successfully reloaded assembly
- Completed reload, in  0.785 seconds
Platform modules already initialized, skipping
Refreshing native plugins compatible for Editor in 0.25 ms, found 0 plugins.
Preloading 0 native plugins for Editor in 0.00 ms.
Unloading 1112 Unused Serialized files (Serialized files now loaded: 0)
System memory in use before: 57.2 MB.
System memory in use after: 57.3 MB.

Unloading 5 unused Assets to reduce memory usage. Loaded Objects now: 1617.
Total: 2.580300 ms (FindLiveObjects: 0.419200 ms CreateObjectMapping: 0.055900 ms MarkObjects: 2.001200 ms  DeleteObjects: 0.102200 ms)

========================================================================
Received Prepare
Registering precompiled user dll's ...
Registered in 0.000575 seconds.
Begin MonoManager ReloadAssembly
Native extension for WindowsStandalone target not found
Refreshing native plugins compatible for Editor in 0.30 ms, found 0 plugins.
Preloading 0 native plugins for Editor in 0.00 ms.
Invoked RoslynAnalysisRunner static constructor.
RoslynAnalysisRunner will not be running.
RoslynAnalysisRunner has terminated.
Mono: successfully reloaded assembly
- Completed reload, in  0.915 seconds
Platform modules already initialized, skipping
Refreshing native plugins compatible for Editor in 0.24 ms, found 0 plugins.
Preloading 0 native plugins for Editor in 0.00 ms.
Unloading 1112 Unused Serialized files (Serialized files now loaded: 0)
System memory in use before: 57.2 MB.
System memory in use after: 57.3 MB.

Unloading 5 unused Assets to reduce memory usage. Loaded Objects now: 1620.
Total: 2.563500 ms (FindLiveObjects: 0.321800 ms CreateObjectMapping: 0.079100 ms MarkObjects: 2.058800 ms  DeleteObjects: 0.084300 ms)

========================================================================
Received Import Request.
  Time since last request: 1910.342104 seconds.
  path: Assets/Prefabs/Tiles/TileObMid 1.prefab
  artifactKey: Guid(205e0120bcea53646ad81f6ad564fcb6) Importer(815301076,1909f56bfc062723c751e8b465ee728b)
Start importing Assets/Prefabs/Tiles/TileObMid 1.prefab using Guid(205e0120bcea53646ad81f6ad564fcb6) Importer(815301076,1909f56bfc062723c751e8b465ee728b)  -> (artifact id: '81b845b4324dd6418fd928a6eac6c1a1') in 0.097466 seconds
  Import took 0.107364 seconds .

========================================================================
Received Import Request.
  Time since last request: 11.160840 seconds.
  path: Assets/Prefabs/Tiles/TileObMid.prefab
  artifactKey: Guid(205e0120bcea53646ad81f6ad564fcb6) Importer(815301076,1909f56bfc062723c751e8b465ee728b)
Start importing Assets/Prefabs/Tiles/TileObMid.prefab using Guid(205e0120bcea53646ad81f6ad564fcb6) Importer(815301076,1909f56bfc062723c751e8b465ee728b)  -> (artifact id: 'ac705af562f80dc523068e583cf365f8') in 0.015251 seconds
  Import took 0.017605 seconds .

========================================================================
Received Prepare
Registering precompiled user dll's ...
Registered in 0.000743 seconds.
Begin MonoManager ReloadAssembly
Native extension for WindowsStandalone target not found
Refreshing native plugins compatible for Editor in 0.31 ms, found 0 plugins.
Preloading 0 native plugins for Editor in 0.00 ms.
Invoked RoslynAnalysisRunner static constructor.
RoslynAnalysisRunner will not be running.
RoslynAnalysisRunner has terminated.
Mono: successfully reloaded assembly
- Completed reload, in  0.930 seconds
Platform modules already initialized, skipping
Refreshing native plugins compatible for Editor in 0.22 ms, found 0 plugins.
Preloading 0 native plugins for Editor in 0.00 ms.
Unloading 1112 Unused Serialized files (Serialized files now loaded: 0)
System memory in use before: 60.4 MB.
System memory in use after: 60.4 MB.

Unloading 6 unused Assets to reduce memory usage. Loaded Objects now: 1631.
Total: 2.354700 ms (FindLiveObjects: 0.229000 ms CreateObjectMapping: 0.044700 ms MarkObjects: 1.977100 ms  DeleteObjects: 0.102300 ms)

========================================================================
Received Import Request.
  Time since last request: 393.272688 seconds.
  path: Assets/Prefabs/Tiles/TileObSide 1.prefab
  artifactKey: Guid(46db028cd62c2b74c9dd894d2087c3e0) Importer(815301076,1909f56bfc062723c751e8b465ee728b)
Start importing Assets/Prefabs/Tiles/TileObSide 1.prefab using Guid(46db028cd62c2b74c9dd894d2087c3e0) Importer(815301076,1909f56bfc062723c751e8b465ee728b)  -> (artifact id: 'c0b839492efe8cb1e10654dba8d2ed42') in 0.061378 seconds
  Import took 0.063989 seconds .

========================================================================
Received Import Request.
  Time since last request: 17.945158 seconds.
  path: Assets/Prefabs/Tiles/TileObSide.prefab
  artifactKey: Guid(46db028cd62c2b74c9dd894d2087c3e0) Importer(815301076,1909f56bfc062723c751e8b465ee728b)
Start importing Assets/Prefabs/Tiles/TileObSide.prefab using Guid(46db028cd62c2b74c9dd894d2087c3e0) Importer(815301076,1909f56bfc062723c751e8b465ee728b)  -> (artifact id: 'db483b984413d1a1d2fac75315e1d43b') in 0.012941 seconds
  Import took 0.015331 seconds .

========================================================================
Received Prepare
Registering precompiled user dll's ...
Registered in 0.000899 seconds.
Begin MonoManager ReloadAssembly
Native extension for WindowsStandalone target not found
Refreshing native plugins compatible for Editor in 0.32 ms, found 0 plugins.
Preloading 0 native plugins for Editor in 0.00 ms.
Invoked RoslynAnalysisRunner static constructor.
RoslynAnalysisRunner will not be running.
RoslynAnalysisRunner has terminated.
Mono: successfully reloaded assembly
- Completed reload, in  0.781 seconds
Platform modules already initialized, skipping
Refreshing native plugins compatible for Editor in 0.25 ms, found 0 plugins.
Preloading 0 native plugins for Editor in 0.00 ms.
Unloading 1112 Unused Serialized files (Serialized files now loaded: 0)
System memory in use before: 60.4 MB.
System memory in use after: 60.5 MB.

Unloading 6 unused Assets to reduce memory usage. Loaded Objects now: 1635.
Total: 2.565600 ms (FindLiveObjects: 0.279800 ms CreateObjectMapping: 0.047700 ms MarkObjects: 2.122500 ms  DeleteObjects: 0.114000 ms)

========================================================================
Received Import Request.
  Time since last request: 156.258138 seconds.
  path: Assets/Prefabs/Tiles/TileObMid.prefab
  artifactKey: Guid(205e0120bcea53646ad81f6ad564fcb6) Importer(815301076,1909f56bfc062723c751e8b465ee728b)
Start importing Assets/Prefabs/Tiles/TileObMid.prefab using Guid(205e0120bcea53646ad81f6ad564fcb6) Importer(815301076,1909f56bfc062723c751e8b465ee728b)  -> (artifact id: 'd9d669311ca1bff797347de1690e5cb3') in 0.070305 seconds
  Import took 0.072688 seconds .

========================================================================
Received Import Request.
  Time since last request: 11.817595 seconds.
  path: Assets/Prefabs/Tiles/TileObMid 1.prefab
  artifactKey: Guid(240f4cd243f77e74996594757856c51c) Importer(815301076,1909f56bfc062723c751e8b465ee728b)
Start importing Assets/Prefabs/Tiles/TileObMid 1.prefab using Guid(240f4cd243f77e74996594757856c51c) Importer(815301076,1909f56bfc062723c751e8b465ee728b)  -> (artifact id: '12e4198e3d8579bd8d7d7b30705f8133') in 0.013149 seconds
  Import took 0.016800 seconds .

========================================================================
Received Import Request.
  Time since last request: 0.003197 seconds.
  path: Assets/Prefabs/Tiles/TileObMid 1.prefab
  artifactKey: Guid(240f4cd243f77e74996594757856c51c) Importer(815301076,1909f56bfc062723c751e8b465ee728b)
Start importing Assets/Prefabs/Tiles/TileObMid 1.prefab using Guid(240f4cd243f77e74996594757856c51c) Importer(815301076,1909f56bfc062723c751e8b465ee728b)  -> (artifact id: '12e4198e3d8579bd8d7d7b30705f8133') in 0.010973 seconds
  Import took 0.013649 seconds .

========================================================================
Received Import Request.
  Time since last request: 41.540707 seconds.
  path: Assets/Prefabs/Tiles/TileObSide.prefab
  artifactKey: Guid(46db028cd62c2b74c9dd894d2087c3e0) Importer(815301076,1909f56bfc062723c751e8b465ee728b)
Start importing Assets/Prefabs/Tiles/TileObSide.prefab using Guid(46db028cd62c2b74c9dd894d2087c3e0) Importer(815301076,1909f56bfc062723c751e8b465ee728b)  -> (artifact id: '988c75079ac4db53c78a66db8ab4012f') in 0.014681 seconds
  Import took 0.017983 seconds .

========================================================================
Received Import Request.
  Time since last request: 38.967226 seconds.
  path: Assets/Prefabs/Tiles/TileObSide 1.prefab
  artifactKey: Guid(9df3529ef2d977144822cb947d91dfb5) Importer(815301076,1909f56bfc062723c751e8b465ee728b)
Start importing Assets/Prefabs/Tiles/TileObSide 1.prefab using Guid(9df3529ef2d977144822cb947d91dfb5) Importer(815301076,1909f56bfc062723c751e8b465ee728b)  -> (artifact id: '5337ca103d5e9437f96cca8d5a3eef31') in 0.015312 seconds
  Import took 0.018191 seconds .

========================================================================
Received Import Request.
  Time since last request: 0.002220 seconds.
  path: Assets/Prefabs/Tiles/TileObSide 1.prefab
  artifactKey: Guid(9df3529ef2d977144822cb947d91dfb5) Importer(815301076,1909f56bfc062723c751e8b465ee728b)
Start importing Assets/Prefabs/Tiles/TileObSide 1.prefab using Guid(9df3529ef2d977144822cb947d91dfb5) Importer(815301076,1909f56bfc062723c751e8b465ee728b)  -> (artifact id: '5337ca103d5e9437f96cca8d5a3eef31') in 0.009841 seconds
  Import took 0.012443 seconds .

========================================================================
Received Import Request.
  Time since last request: 56.315293 seconds.
  path: Assets/Prefabs/Tiles/TileObSide 2.prefab
  artifactKey: Guid(e7a8972df3245fd438fa3d27094a710b) Importer(815301076,1909f56bfc062723c751e8b465ee728b)
Start importing Assets/Prefabs/Tiles/TileObSide 2.prefab using Guid(e7a8972df3245fd438fa3d27094a710b) Importer(815301076,1909f56bfc062723c751e8b465ee728b)  -> (artifact id: 'bf8b1f6c80ed2090dce5c1709be124b4') in 0.012577 seconds
  Import took 0.015156 seconds .

========================================================================
Received Import Request.
  Time since last request: 0.003057 seconds.
  path: Assets/Prefabs/Tiles/TileObSide 2.prefab
  artifactKey: Guid(e7a8972df3245fd438fa3d27094a710b) Importer(815301076,1909f56bfc062723c751e8b465ee728b)
Start importing Assets/Prefabs/Tiles/TileObSide 2.prefab using Guid(e7a8972df3245fd438fa3d27094a710b) Importer(815301076,1909f56bfc062723c751e8b465ee728b)  -> (artifact id: 'bf8b1f6c80ed2090dce5c1709be124b4') in 0.012882 seconds
  Import took 0.016232 seconds .

========================================================================
Received Prepare
Registering precompiled user dll's ...
Registered in 0.000511 seconds.
Begin MonoManager ReloadAssembly
Native extension for WindowsStandalone target not found
Refreshing native plugins compatible for Editor in 0.23 ms, found 0 plugins.
Preloading 0 native plugins for Editor in 0.00 ms.
Invoked RoslynAnalysisRunner static constructor.
RoslynAnalysisRunner will not be running.
RoslynAnalysisRunner has terminated.
Mono: successfully reloaded assembly
- Completed reload, in  0.865 seconds
Platform modules already initialized, skipping
Refreshing native plugins compatible for Editor in 0.33 ms, found 0 plugins.
Preloading 0 native plugins for Editor in 0.00 ms.
Unloading 1112 Unused Serialized files (Serialized files now loaded: 0)
System memory in use before: 60.4 MB.
System memory in use after: 60.5 MB.

Unloading 6 unused Assets to reduce memory usage. Loaded Objects now: 1639.
Total: 2.450600 ms (FindLiveObjects: 0.177200 ms CreateObjectMapping: 0.044400 ms MarkObjects: 2.150900 ms  DeleteObjects: 0.076100 ms)

========================================================================
Received Prepare
Registering precompiled user dll's ...
Registered in 0.000608 seconds.
Begin MonoManager ReloadAssembly
Native extension for WindowsStandalone target not found
Refreshing native plugins compatible for Editor in 0.21 ms, found 0 plugins.
Preloading 0 native plugins for Editor in 0.00 ms.
Invoked RoslynAnalysisRunner static constructor.
RoslynAnalysisRunner will not be running.
RoslynAnalysisRunner has terminated.
Mono: successfully reloaded assembly
- Completed reload, in  0.803 seconds
Platform modules already initialized, skipping
Refreshing native plugins compatible for Editor in 0.23 ms, found 0 plugins.
Preloading 0 native plugins for Editor in 0.00 ms.
Unloading 1112 Unused Serialized files (Serialized files now loaded: 0)
System memory in use before: 60.4 MB.
System memory in use after: 60.5 MB.

Unloading 5 unused Assets to reduce memory usage. Loaded Objects now: 1642.
Total: 1.981800 ms (FindLiveObjects: 0.257400 ms CreateObjectMapping: 0.078500 ms MarkObjects: 1.552500 ms  DeleteObjects: 0.091700 ms)

========================================================================
Received Prepare
Registering precompiled user dll's ...
Registered in 0.000553 seconds.
Begin MonoManager ReloadAssembly
Native extension for WindowsStandalone target not found
Refreshing native plugins compatible for Editor in 0.35 ms, found 0 plugins.
Preloading 0 native plugins for Editor in 0.00 ms.
Invoked RoslynAnalysisRunner static constructor.
RoslynAnalysisRunner will not be running.
RoslynAnalysisRunner has terminated.
Mono: successfully reloaded assembly
- Completed reload, in  0.830 seconds
Platform modules already initialized, skipping
Refreshing native plugins compatible for Editor in 0.22 ms, found 0 plugins.
Preloading 0 native plugins for Editor in 0.00 ms.
Unloading 1112 Unused Serialized files (Serialized files now loaded: 0)
System memory in use before: 60.4 MB.
System memory in use after: 60.5 MB.

Unloading 5 unused Assets to reduce memory usage. Loaded Objects now: 1645.
Total: 2.691600 ms (FindLiveObjects: 0.354400 ms CreateObjectMapping: 0.082000 ms MarkObjects: 2.190700 ms  DeleteObjects: 0.063000 ms)

========================================================================
Received Prepare
Registering precompiled user dll's ...
Registered in 0.000803 seconds.
Begin MonoManager ReloadAssembly
Native extension for WindowsStandalone target not found
Refreshing native plugins compatible for Editor in 0.20 ms, found 0 plugins.
Preloading 0 native plugins for Editor in 0.00 ms.
Invoked RoslynAnalysisRunner static constructor.
RoslynAnalysisRunner will not be running.
RoslynAnalysisRunner has terminated.
Mono: successfully reloaded assembly
- Completed reload, in  0.765 seconds
Platform modules already initialized, skipping
Refreshing native plugins compatible for Editor in 0.21 ms, found 0 plugins.
Preloading 0 native plugins for Editor in 0.00 ms.
Unloading 1112 Unused Serialized files (Serialized files now loaded: 0)
System memory in use before: 60.4 MB.
System memory in use after: 60.5 MB.

Unloading 5 unused Assets to reduce memory usage. Loaded Objects now: 1648.
Total: 1.801700 ms (FindLiveObjects: 0.156600 ms CreateObjectMapping: 0.038600 ms MarkObjects: 1.546300 ms  DeleteObjects: 0.058500 ms)

========================================================================
Received Prepare
Registering precompiled user dll's ...
Registered in 0.000674 seconds.
Begin MonoManager ReloadAssembly
Native extension for WindowsStandalone target not found
Refreshing native plugins compatible for Editor in 0.40 ms, found 0 plugins.
Preloading 0 native plugins for Editor in 0.00 ms.
Invoked RoslynAnalysisRunner static constructor.
RoslynAnalysisRunner will not be running.
RoslynAnalysisRunner has terminated.
Mono: successfully reloaded assembly
- Completed reload, in  1.046 seconds
Platform modules already initialized, skipping
Refreshing native plugins compatible for Editor in 0.40 ms, found 0 plugins.
Preloading 0 native plugins for Editor in 0.00 ms.
Unloading 1112 Unused Serialized files (Serialized files now loaded: 0)
System memory in use before: 60.4 MB.
System memory in use after: 60.5 MB.

Unloading 5 unused Assets to reduce memory usage. Loaded Objects now: 1651.
Total: 3.040000 ms (FindLiveObjects: 0.276100 ms CreateObjectMapping: 0.087700 ms MarkObjects: 2.592500 ms  DeleteObjects: 0.081500 ms)

========================================================================
Received Prepare
Registering precompiled user dll's ...
Registered in 0.000519 seconds.
Begin MonoManager ReloadAssembly
Native extension for WindowsStandalone target not found
Refreshing native plugins compatible for Editor in 0.28 ms, found 0 plugins.
Preloading 0 native plugins for Editor in 0.00 ms.
Invoked RoslynAnalysisRunner static constructor.
RoslynAnalysisRunner will not be running.
RoslynAnalysisRunner has terminated.
Mono: successfully reloaded assembly
- Completed reload, in  0.792 seconds
Platform modules already initialized, skipping
Refreshing native plugins compatible for Editor in 0.27 ms, found 0 plugins.
Preloading 0 native plugins for Editor in 0.00 ms.
Unloading 1112 Unused Serialized files (Serialized files now loaded: 0)
System memory in use before: 60.4 MB.
System memory in use after: 60.5 MB.

Unloading 5 unused Assets to reduce memory usage. Loaded Objects now: 1654.
Total: 2.411800 ms (FindLiveObjects: 0.353600 ms CreateObjectMapping: 0.037500 ms MarkObjects: 1.942400 ms  DeleteObjects: 0.077000 ms)

========================================================================
Received Prepare
Registering precompiled user dll's ...
Registered in 0.000592 seconds.
Begin MonoManager ReloadAssembly
Native extension for WindowsStandalone target not found
Refreshing native plugins compatible for Editor in 0.48 ms, found 0 plugins.
Preloading 0 native plugins for Editor in 0.00 ms.
Invoked RoslynAnalysisRunner static constructor.
RoslynAnalysisRunner will not be running.
RoslynAnalysisRunner has terminated.
Mono: successfully reloaded assembly
- Completed reload, in  0.822 seconds
Platform modules already initialized, skipping
Refreshing native plugins compatible for Editor in 0.25 ms, found 0 plugins.
Preloading 0 native plugins for Editor in 0.00 ms.
Unloading 1112 Unused Serialized files (Serialized files now loaded: 0)
System memory in use before: 60.4 MB.
System memory in use after: 60.5 MB.

Unloading 5 unused Assets to reduce memory usage. Loaded Objects now: 1657.
Total: 2.668600 ms (FindLiveObjects: 0.371200 ms CreateObjectMapping: 0.068400 ms MarkObjects: 2.149600 ms  DeleteObjects: 0.077400 ms)

========================================================================
Received Prepare
Registering precompiled user dll's ...
Registered in 0.000641 seconds.
Begin MonoManager ReloadAssembly
Native extension for WindowsStandalone target not found
Refreshing native plugins compatible for Editor in 0.20 ms, found 0 plugins.
Preloading 0 native plugins for Editor in 0.00 ms.
Invoked RoslynAnalysisRunner static constructor.
RoslynAnalysisRunner will not be running.
RoslynAnalysisRunner has terminated.
Mono: successfully reloaded assembly
- Completed reload, in  0.767 seconds
Platform modules already initialized, skipping
Refreshing native plugins compatible for Editor in 0.24 ms, found 0 plugins.
Preloading 0 native plugins for Editor in 0.00 ms.
Unloading 1112 Unused Serialized files (Serialized files now loaded: 0)
System memory in use before: 60.4 MB.
System memory in use after: 60.5 MB.

Unloading 5 unused Assets to reduce memory usage. Loaded Objects now: 1660.
Total: 1.916600 ms (FindLiveObjects: 0.223200 ms CreateObjectMapping: 0.032700 ms MarkObjects: 1.578100 ms  DeleteObjects: 0.081100 ms)

AssetImportWorkerClient::OnTransportError - code=2 error=End of file
